# JRE version: OpenJDK Runtime Environment (16.0.2+7) (build 16.0.2+7-67)
# Java VM: OpenJDK 64-Bit Server VM (16.0.2+7-67, mixed mode, tiered, compressed oops, compressed class ptrs, g1 gc, windows-amd64)
GC Precious Log:
 CPUs: 4 total, 4 available
 Memory: 1908M
 Large Page Support: Disabled
 NUMA Support: Disabled
 Compressed Oops: Enabled (32-bit)
 Heap Region Size: 1M
 Heap Min Capacity: 8M
 Heap Initial Capacity: 30M
 Heap Max Capacity: 478M
 Pre-touch: Disabled
 Parallel Workers: 4
 Concurrent Workers: 1
 Concurrent Refinement Workers: 4
 Periodic GC: Disabled
Heap:
 garbage-first heap   total 75776K, used 25687K [0x00000000e2200000, 0x0000000100000000)
  region size 1024K, 3 young (3072K), 3 survivors (3072K)
 Metaspace       used 68164K, committed 69120K, reserved 1114112K
  class space    used 8982K, committed 9408K, reserved 1048576K
GC Heap History (20 events):
Event: 583.320 GC heap after
{Heap after GC invocations=67 (full 12):
 garbage-first heap   total 75776K, used 25004K [0x00000000e2200000, 0x0000000100000000)
  region size 1024K, 3 young (3072K), 3 survivors (3072K)
 Metaspace       used 66788K, committed 67712K, reserved 1114112K
  class space    used 8823K, committed 9216K, reserved 1048576K
}
Event: 609.435 GC heap before
{Heap before GC invocations=67 (full 12):
 garbage-first heap   total 75776K, used 59820K [0x00000000e2200000, 0x0000000100000000)
  region size 1024K, 37 young (37888K), 3 survivors (3072K)
 Metaspace       used 67036K, committed 67840K, reserved 1114112K
  class space    used 8843K, committed 9216K, reserved 1048576K
}
Event: 609.559 GC heap after
{Heap after GC invocations=68 (full 12):
 garbage-first heap   total 75776K, used 26497K [0x00000000e2200000, 0x0000000100000000)
  region size 1024K, 4 young (4096K), 4 survivors (4096K)
 Metaspace       used 67036K, committed 67840K, reserved 1114112K
  class space    used 8843K, committed 9216K, reserved 1048576K
}
Event: 609.566 GC heap before
{Heap before GC invocations=68 (full 12):
 garbage-first heap   total 75776K, used 26497K [0x00000000e2200000, 0x0000000100000000)
  region size 1024K, 5 young (5120K), 4 survivors (4096K)
 Metaspace       used 67036K, committed 67840K, reserved 1114112K
  class space    used 8843K, committed 9216K, reserved 1048576K
}
Event: 609.849 GC heap after
{Heap after GC invocations=69 (full 13):
 garbage-first heap   total 75776K, used 22677K [0x00000000e2200000, 0x0000000100000000)
  region size 1024K, 0 young (0K), 0 survivors (0K)
 Metaspace       used 67027K, committed 67840K, reserved 1114112K
  class space    used 8841K, committed 9216K, reserved 1048576K
}
Event: 611.961 GC heap before
{Heap before GC invocations=69 (full 13):
 garbage-first heap   total 75776K, used 57493K [0x00000000e2200000, 0x0000000100000000)
  region size 1024K, 35 young (35840K), 0 survivors (0K)
 Metaspace       used 67094K, committed 67904K, reserved 1114112K
  class space    used 8849K, committed 9216K, reserved 1048576K
}
Event: 611.976 GC heap after
{Heap after GC invocations=70 (full 13):
 garbage-first heap   total 75776K, used 25342K [0x00000000e2200000, 0x0000000100000000)
  region size 1024K, 3 young (3072K), 3 survivors (3072K)
 Metaspace       used 67094K, committed 67904K, reserved 1114112K
  class space    used 8849K, committed 9216K, reserved 1048576K
}
Event: 612.175 GC heap before
{Heap before GC invocations=70 (full 13):
 garbage-first heap   total 75776K, used 58110K [0x00000000e2200000, 0x0000000100000000)
  region size 1024K, 36 young (36864K), 3 survivors (3072K)
 Metaspace       used 67094K, committed 67904K, reserved 1114112K
  class space    used 8849K, committed 9216K, reserved 1048576K
}
Event: 612.185 GC heap after
{Heap after GC invocations=71 (full 13):
 garbage-first heap   total 75776K, used 25358K [0x00000000e2200000, 0x0000000100000000)
  region size 1024K, 3 young (3072K), 3 survivors (3072K)
 Metaspace       used 67094K, committed 67904K, reserved 1114112K
  class space    used 8849K, committed 9216K, reserved 1048576K
}
Event: 656.778 GC heap before
{Heap before GC invocations=71 (full 13):
 garbage-first heap   total 75776K, used 60174K [0x00000000e2200000, 0x0000000100000000)
  region size 1024K, 37 young (37888K), 3 survivors (3072K)
 Metaspace       used 67338K, committed 68096K, reserved 1114112K
  class space    used 8867K, committed 9216K, reserved 1048576K
}
Event: 656.891 GC heap after
{Heap after GC invocations=72 (full 13):
 garbage-first heap   total 75776K, used 27255K [0x00000000e2200000, 0x0000000100000000)
  region size 1024K, 5 young (5120K), 5 survivors (5120K)
 Metaspace       used 67338K, committed 68096K, reserved 1114112K
  class space    used 8867K, committed 9216K, reserved 1048576K
}
Event: 657.421 GC heap before
{Heap before GC invocations=72 (full 13):
 garbage-first heap   total 75776K, used 28279K [0x00000000e2200000, 0x0000000100000000)
  region size 1024K, 7 young (7168K), 5 survivors (5120K)
 Metaspace       used 67340K, committed 68096K, reserved 1114112K
  class space    used 8868K, committed 9216K, reserved 1048576K
}
Event: 658.050 GC heap after
{Heap after GC invocations=73 (full 14):
 garbage-first heap   total 75776K, used 22599K [0x00000000e2200000, 0x0000000100000000)
  region size 1024K, 0 young (0K), 0 survivors (0K)
 Metaspace       used 67331K, committed 68096K, reserved 1114112K
  class space    used 8866K, committed 9216K, reserved 1048576K
}
Event: 661.080 GC heap before
{Heap before GC invocations=73 (full 14):
 garbage-first heap   total 75776K, used 58439K [0x00000000e2200000, 0x0000000100000000)
  region size 1024K, 36 young (36864K), 0 survivors (0K)
 Metaspace       used 67461K, committed 68224K, reserved 1114112K
  class space    used 8886K, committed 9216K, reserved 1048576K
}
Event: 661.096 GC heap after
{Heap after GC invocations=74 (full 14):
 garbage-first heap   total 75776K, used 25145K [0x00000000e2200000, 0x0000000100000000)
  region size 1024K, 3 young (3072K), 3 survivors (3072K)
 Metaspace       used 67461K, committed 68224K, reserved 1114112K
  class space    used 8886K, committed 9216K, reserved 1048576K
}
Event: 661.780 GC heap before
{Heap before GC invocations=74 (full 14):
 garbage-first heap   total 75776K, used 58937K [0x00000000e2200000, 0x0000000100000000)
  region size 1024K, 37 young (37888K), 3 survivors (3072K)
 Metaspace       used 67465K, committed 68224K, reserved 1114112K
  class space    used 8886K, committed 9216K, reserved 1048576K
}
Event: 661.792 GC heap after
{Heap after GC invocations=75 (full 14):
 garbage-first heap   total 75776K, used 25169K [0x00000000e2200000, 0x0000000100000000)
  region size 1024K, 3 young (3072K), 3 survivors (3072K)
 Metaspace       used 67465K, committed 68224K, reserved 1114112K
  class space    used 8886K, committed 9216K, reserved 1048576K
}
Event: 671.515 GC heap before
{Heap before GC invocations=75 (full 14):
 garbage-first heap   total 75776K, used 57937K [0x00000000e2200000, 0x0000000100000000)
  region size 1024K, 36 young (36864K), 3 survivors (3072K)
 Metaspace       used 67709K, committed 68544K, reserved 1114112K
  class space    used 8904K, committed 9280K, reserved 1048576K
}
Event: 671.882 GC heap after
{Heap after GC invocations=76 (full 15):
 garbage-first heap   total 75776K, used 22901K [0x00000000e2200000, 0x0000000100000000)
  region size 1024K, 0 young (0K), 0 survivors (0K)
 Metaspace       used 67700K, committed 68544K, reserved 1114112K
  class space    used 8902K, committed 9280K, reserved 1048576K
}
Event: 674.926 GC heap before
{Heap before GC invocations=76 (full 15):
 garbage-first heap   total 75776K, used 58741K [0x00000000e2200000, 0x0000000100000000)
  region size 1024K, 36 young (36864K), 0 survivors (0K)
 Metaspace       used 68164K, committed 69120K, reserved 1114112K
  class space    used 8982K, committed 9408K, reserved 1048576K
}

