# JRE version: OpenJDK Runtime Environment (16.0.2+7) (build 16.0.2+7-67)
# Java VM: OpenJDK 64-Bit Server VM (16.0.2+7-67, mixed mode, tiered, compressed oops, compressed class ptrs, g1 gc, windows-amd64)
GC Precious Log:
 CPUs: 4 total, 4 available
 Memory: 1908M
 Large Page Support: Disabled
 NUMA Support: Disabled
 Compressed Oops: Enabled (32-bit)
 Heap Region Size: 1M
 Heap Min Capacity: 8M
 Heap Initial Capacity: 30M
 Heap Max Capacity: 478M
 Pre-touch: Disabled
 Parallel Workers: 4
 Concurrent Workers: 1
 Concurrent Refinement Workers: 4
 Periodic GC: Disabled
Heap:
 garbage-first heap   total 89088K, used 29067K [0x00000000e2200000, 0x0000000100000000)
  region size 1024K, 13 young (13312K), 4 survivors (4096K)
 Metaspace       used 55751K, committed 56192K, reserved 1105920K
  class space    used 7444K, committed 7680K, reserved 1048576K
GC Heap History (20 events):
Event: 12.418 GC heap before
{Heap before GC invocations=12 (full 0):
 garbage-first heap   total 40960K, used 29777K [0x00000000e2200000, 0x0000000100000000)
  region size 1024K, 20 young (20480K), 1 survivors (1024K)
 Metaspace       used 28571K, committed 28864K, reserved 1081344K
  class space    used 3453K, committed 3584K, reserved 1048576K
}
Event: 12.426 GC heap after
{Heap after GC invocations=13 (full 0):
 garbage-first heap   total 40960K, used 11979K [0x00000000e2200000, 0x0000000100000000)
  region size 1024K, 2 young (2048K), 2 survivors (2048K)
 Metaspace       used 28571K, committed 28864K, reserved 1081344K
  class space    used 3453K, committed 3584K, reserved 1048576K
}
Event: 14.006 GC heap before
{Heap before GC invocations=13 (full 0):
 garbage-first heap   total 40960K, used 30411K [0x00000000e2200000, 0x0000000100000000)
  region size 1024K, 20 young (20480K), 2 survivors (2048K)
 Metaspace       used 30455K, committed 30784K, reserved 1081344K
  class space    used 3738K, committed 3904K, reserved 1048576K
}
Event: 14.014 GC heap after
{Heap after GC invocations=14 (full 0):
 garbage-first heap   total 40960K, used 12805K [0x00000000e2200000, 0x0000000100000000)
  region size 1024K, 3 young (3072K), 3 survivors (3072K)
 Metaspace       used 30455K, committed 30784K, reserved 1081344K
  class space    used 3738K, committed 3904K, reserved 1048576K
}
Event: 16.728 GC heap before
{Heap before GC invocations=14 (full 0):
 garbage-first heap   total 40960K, used 30213K [0x00000000e2200000, 0x0000000100000000)
  region size 1024K, 21 young (21504K), 3 survivors (3072K)
 Metaspace       used 32625K, committed 32960K, reserved 1081344K
  class space    used 4077K, committed 4224K, reserved 1048576K
}
Event: 16.738 GC heap after
{Heap after GC invocations=15 (full 0):
 garbage-first heap   total 40960K, used 13825K [0x00000000e2200000, 0x0000000100000000)
  region size 1024K, 3 young (3072K), 3 survivors (3072K)
 Metaspace       used 32625K, committed 32960K, reserved 1081344K
  class space    used 4077K, committed 4224K, reserved 1048576K
}
Event: 18.736 GC heap before
{Heap before GC invocations=15 (full 0):
 garbage-first heap   total 40960K, used 30209K [0x00000000e2200000, 0x0000000100000000)
  region size 1024K, 20 young (20480K), 3 survivors (3072K)
 Metaspace       used 35472K, committed 35776K, reserved 1081344K
  class space    used 4511K, committed 4672K, reserved 1048576K
}
Event: 18.752 GC heap after
{Heap after GC invocations=16 (full 0):
 garbage-first heap   total 40960K, used 15463K [0x00000000e2200000, 0x0000000100000000)
  region size 1024K, 3 young (3072K), 3 survivors (3072K)
 Metaspace       used 35472K, committed 35776K, reserved 1081344K
  class space    used 4511K, committed 4672K, reserved 1048576K
}
Event: 20.056 GC heap before
{Heap before GC invocations=17 (full 0):
 garbage-first heap   total 40960K, used 29799K [0x00000000e2200000, 0x0000000100000000)
  region size 1024K, 18 young (18432K), 3 survivors (3072K)
 Metaspace       used 37277K, committed 37696K, reserved 1089536K
  class space    used 4758K, committed 4928K, reserved 1048576K
}
Event: 20.068 GC heap after
{Heap after GC invocations=18 (full 0):
 garbage-first heap   total 40960K, used 16820K [0x00000000e2200000, 0x0000000100000000)
  region size 1024K, 2 young (2048K), 2 survivors (2048K)
 Metaspace       used 37277K, committed 37696K, reserved 1089536K
  class space    used 4758K, committed 4928K, reserved 1048576K
}
Event: 20.081 GC heap before
{Heap before GC invocations=18 (full 0):
 garbage-first heap   total 40960K, used 30132K [0x00000000e2200000, 0x0000000100000000)
  region size 1024K, 16 young (16384K), 2 survivors (2048K)
 Metaspace       used 37277K, committed 37696K, reserved 1089536K
  class space    used 4758K, committed 4928K, reserved 1048576K
}
Event: 20.086 GC heap after
{Heap after GC invocations=19 (full 0):
 garbage-first heap   total 40960K, used 16826K [0x00000000e2200000, 0x0000000100000000)
  region size 1024K, 1 young (1024K), 1 survivors (1024K)
 Metaspace       used 37277K, committed 37696K, reserved 1089536K
  class space    used 4758K, committed 4928K, reserved 1048576K
}
Event: 20.099 GC heap before
{Heap before GC invocations=19 (full 0):
 garbage-first heap   total 40960K, used 30138K [0x00000000e2200000, 0x0000000100000000)
  region size 1024K, 15 young (15360K), 1 survivors (1024K)
 Metaspace       used 37277K, committed 37696K, reserved 1089536K
  class space    used 4758K, committed 4928K, reserved 1048576K
}
Event: 20.100 GC heap after
{Heap after GC invocations=20 (full 0):
 garbage-first heap   total 40960K, used 16843K [0x00000000e2200000, 0x0000000100000000)
  region size 1024K, 1 young (1024K), 1 survivors (1024K)
 Metaspace       used 37277K, committed 37696K, reserved 1089536K
  class space    used 4758K, committed 4928K, reserved 1048576K
}
Event: 20.457 GC heap before
{Heap before GC invocations=20 (full 0):
 garbage-first heap   total 40960K, used 30155K [0x00000000e2200000, 0x0000000100000000)
  region size 1024K, 15 young (15360K), 1 survivors (1024K)
 Metaspace       used 37732K, committed 38144K, reserved 1089536K
  class space    used 4799K, committed 4992K, reserved 1048576K
}
Event: 20.461 GC heap after
{Heap after GC invocations=21 (full 0):
 garbage-first heap   total 89088K, used 17158K [0x00000000e2200000, 0x0000000100000000)
  region size 1024K, 1 young (1024K), 1 survivors (1024K)
 Metaspace       used 37732K, committed 38144K, reserved 1089536K
  class space    used 4799K, committed 4992K, reserved 1048576K
}
Event: 22.358 GC heap before
{Heap before GC invocations=21 (full 0):
 garbage-first heap   total 89088K, used 68358K [0x00000000e2200000, 0x0000000100000000)
  region size 1024K, 52 young (53248K), 1 survivors (1024K)
 Metaspace       used 41003K, committed 41344K, reserved 1089536K
  class space    used 5147K, committed 5312K, reserved 1048576K
}
Event: 22.368 GC heap after
{Heap after GC invocations=22 (full 0):
 garbage-first heap   total 89088K, used 18238K [0x00000000e2200000, 0x0000000100000000)
  region size 1024K, 2 young (2048K), 2 survivors (2048K)
 Metaspace       used 41003K, committed 41344K, reserved 1089536K
  class space    used 5147K, committed 5312K, reserved 1048576K
}
Event: 29.255 GC heap before
{Heap before GC invocations=22 (full 0):
 garbage-first heap   total 89088K, used 69438K [0x00000000e2200000, 0x0000000100000000)
  region size 1024K, 52 young (53248K), 2 survivors (2048K)
 Metaspace       used 53988K, committed 54400K, reserved 1097728K
  class space    used 7138K, committed 7360K, reserved 1048576K
}
Event: 29.276 GC heap after
{Heap after GC invocations=23 (full 0):
 garbage-first heap   total 89088K, used 20875K [0x00000000e2200000, 0x0000000100000000)
  region size 1024K, 4 young (4096K), 4 survivors (4096K)
 Metaspace       used 53988K, committed 54400K, reserved 1097728K
  class space    used 7138K, committed 7360K, reserved 1048576K
}

